<?xml version="1.0" encoding="utf-8" standalone="no"?>
<!--This file represents the results of running a test suite-->
<test-results name="C:\Users\Giorgio\Documents\Visual Studio 2012\Projects\Tests\NHPallinoTest1\NHPallinoTest1.Test\Project1.nunit" total="1" errors="0" failures="0" not-run="0" inconclusive="0" ignored="0" skipped="0" invalid="0" date="2012-11-15" time="12:06:44">
  <environment nunit-version="2.6.2.12296" clr-version="2.0.50727.6387" os-version="Microsoft Windows NT 6.2.9200.0" platform="Win32NT" cwd="C:\Program Files (x86)\NUnit 2.6.2\bin" machine-name="GIORGIO-VAIO" user="Giorgio" user-domain="GIORGIO-VAIO" />
  <culture-info current-culture="it-IT" current-uiculture="en-US" />
  <test-suite type="Project" name="C:\Users\Giorgio\Documents\Visual Studio 2012\Projects\Tests\NHPallinoTest1\NHPallinoTest1.Test\Project1.nunit" executed="True" result="Success" success="True" time="6.060" asserts="0">
    <results>
      <test-suite type="Assembly" name="C:\Users\Giorgio\Documents\Visual Studio 2012\Projects\Tests\NHPallinoTest1\NHPallinoTest1.Test\bin\Debug\NHPallinoTest1.Test.dll" executed="True" result="Success" success="True" time="6.035" asserts="0">
        <results>
          <test-suite type="Namespace" name="NHPallinoTest1" executed="True" result="Success" success="True" time="6.035" asserts="0">
            <results>
              <test-suite type="Namespace" name="Test" executed="True" result="Success" success="True" time="6.034" asserts="0">
                <results>
                  <test-suite type="TestFixture" name="MappingTests" executed="True" result="Success" success="True" time="6.032" asserts="0">
                    <results>
                      <test-case name="NHPallinoTest1.Test.MappingTests.CanAddNewOrder" executed="True" result="Success" success="True" time="6.014" asserts="0" />
                    </results>
                  </test-suite>
                </results>
              </test-suite>
            </results>
          </test-suite>
        </results>
      </test-suite>
    </results>
  </test-suite>
</test-results>